This file contains any messages produced by compilers while
running configure, to aid debugging if configure makes a mistake.

It was created by fakeshake configure 0.0.2, which was
generated by GNU Autoconf 2.67.  Invocation command line was

  $ ./configure --no-create --no-recursion

## --------- ##
## Platform. ##
## --------- ##

hostname = Dell-E6510
uname -m = i686
uname -r = 2.6.38-10-generic-pae
uname -s = Linux
uname -v = #46-Ubuntu SMP Tue Jun 28 16:54:49 UTC 2011

/usr/bin/uname -p = unknown
/bin/uname -X     = unknown

/bin/arch              = unknown
/usr/bin/arch -k       = unknown
/usr/convex/getsysinfo = unknown
/usr/bin/hostinfo      = unknown
/bin/machine           = unknown
/usr/bin/oslevel       = unknown
/bin/universe          = unknown

PATH: /usr/local/sbin
PATH: /usr/local/bin
PATH: /usr/sbin
PATH: /usr/bin
PATH: /sbin
PATH: /bin
PATH: /usr/games


## ----------- ##
## Core tests. ##
## ----------- ##

configure:2178: checking for a BSD-compatible install
configure:2246: result: /usr/bin/install -c
configure:2257: checking whether build environment is sane
configure:2307: result: yes
configure:2448: checking for a thread-safe mkdir -p
configure:2487: result: /bin/mkdir -p
configure:2500: checking for gawk
configure:2516: found /usr/bin/gawk
configure:2527: result: gawk
configure:2538: checking whether make sets $(MAKE)
configure:2560: result: yes
configure:2743: checking for gcc
configure:2759: found /usr/bin/gcc
configure:2770: result: gcc
configure:2999: checking for C compiler version
configure:3008: gcc --version >&5
gcc (Ubuntu/Linaro 4.5.2-8ubuntu4) 4.5.2
Copyright (C) 2010 Free Software Foundation, Inc.
This is free software; see the source for copying conditions.  There is NO
warranty; not even for MERCHANTABILITY or FITNESS FOR A PARTICULAR PURPOSE.

configure:3019: $? = 0
configure:3008: gcc -v >&5
Using built-in specs.
COLLECT_GCC=gcc
COLLECT_LTO_WRAPPER=/usr/lib/i386-linux-gnu/gcc/i686-linux-gnu/4.5.2/lto-wrapper
Target: i686-linux-gnu
Configured with: ../src/configure -v --with-pkgversion='Ubuntu/Linaro 4.5.2-8ubuntu4' --with-bugurl=file:///usr/share/doc/gcc-4.5/README.Bugs --enable-languages=c,c++,fortran,objc,obj-c++ --prefix=/usr --program-suffix=-4.5 --enable-shared --enable-multiarch --with-multiarch-defaults=i386-linux-gnu --enable-linker-build-id --with-system-zlib --libexecdir=/usr/lib/i386-linux-gnu --without-included-gettext --enable-threads=posix --with-gxx-include-dir=/usr/include/c++/4.5 --libdir=/usr/lib/i386-linux-gnu --enable-nls --with-sysroot=/ --enable-clocale=gnu --enable-libstdcxx-debug --enable-libstdcxx-time=yes --enable-plugin --enable-gold --enable-ld=default --with-plugin-ld=ld.gold --enable-objc-gc --enable-targets=all --disable-werror --with-arch-32=i686 --with-tune=generic --enable-checking=release --build=i686-linux-gnu --host=i686-linux-gnu --target=i686-linux-gnu
Thread model: posix
gcc version 4.5.2 (Ubuntu/Linaro 4.5.2-8ubuntu4) 
configure:3019: $? = 0
configure:3008: gcc -V >&5
gcc: '-V' option must have argument
configure:3019: $? = 1
configure:3008: gcc -qversion >&5
gcc: unrecognized option '-qversion'
gcc: no input files
configure:3019: $? = 1
configure:3039: checking whether the C compiler works
configure:3061: gcc    conftest.c  >&5
configure:3065: $? = 0
configure:3113: result: yes
configure:3116: checking for C compiler default output file name
configure:3118: result: a.out
configure:3124: checking for suffix of executables
configure:3131: gcc -o conftest    conftest.c  >&5
configure:3135: $? = 0
configure:3157: result: 
configure:3179: checking whether we are cross compiling
configure:3187: gcc -o conftest    conftest.c  >&5
configure:3191: $? = 0
configure:3198: ./conftest
configure:3202: $? = 0
configure:3217: result: no
configure:3222: checking for suffix of object files
configure:3244: gcc -c   conftest.c >&5
configure:3248: $? = 0
configure:3269: result: o
configure:3273: checking whether we are using the GNU C compiler
configure:3292: gcc -c   conftest.c >&5
configure:3292: $? = 0
configure:3301: result: yes
configure:3310: checking whether gcc accepts -g
configure:3330: gcc -c -g  conftest.c >&5
configure:3330: $? = 0
configure:3371: result: yes
configure:3388: checking for gcc option to accept ISO C89
configure:3452: gcc  -c -g -O2  conftest.c >&5
configure:3452: $? = 0
configure:3465: result: none needed
configure:3496: checking for style of include used by make
configure:3524: result: GNU
configure:3549: checking dependency style of gcc
configure:3659: result: gcc3
configure:3682: checking how to run the C preprocessor
configure:3713: gcc -E  conftest.c
configure:3713: $? = 0
configure:3727: gcc -E  conftest.c
conftest.c:21:28: fatal error: ac_nonexistent.h: No such file or directory
compilation terminated.
configure:3727: $? = 1
configure: failed program was:
| /* confdefs.h */
| #define PACKAGE_NAME "fakeshake"
| #define PACKAGE_TARNAME "fakeshake"
| #define PACKAGE_VERSION "0.0.2"
| #define PACKAGE_STRING "fakeshake 0.0.2"
| #define PACKAGE_BUGREPORT "jnbagale@gmail.com"
| #define PACKAGE_URL ""
| #define PACKAGE "fakeshake"
| #define VERSION "0.0.2"
| #define PROGNAME "fakeshake"
| #define DEFAULT_HOST "theclashingrocks.org"
| #define DEFAULT_PORT 4803
| #define DEFAULT_GROUP "world"
| #define DEFAULT_FREQUENCY_TYPE "random"
| #define DEFAULT_FREQUENCY_VALUE 20
| #define DEFAULT_SAMPLE_SIZE 7
| #define DEFAULT_SAMPLE_TYPE "random"
| #define DEFAULT_NETWORK_FREQ 10
| #define FAKE_GEN_FREQ 100
| /* end confdefs.h.  */
| #include <ac_nonexistent.h>
configure:3752: result: gcc -E
configure:3772: gcc -E  conftest.c
configure:3772: $? = 0
configure:3786: gcc -E  conftest.c
conftest.c:21:28: fatal error: ac_nonexistent.h: No such file or directory
compilation terminated.
configure:3786: $? = 1
configure: failed program was:
| /* confdefs.h */
| #define PACKAGE_NAME "fakeshake"
| #define PACKAGE_TARNAME "fakeshake"
| #define PACKAGE_VERSION "0.0.2"
| #define PACKAGE_STRING "fakeshake 0.0.2"
| #define PACKAGE_BUGREPORT "jnbagale@gmail.com"
| #define PACKAGE_URL ""
| #define PACKAGE "fakeshake"
| #define VERSION "0.0.2"
| #define PROGNAME "fakeshake"
| #define DEFAULT_HOST "theclashingrocks.org"
| #define DEFAULT_PORT 4803
| #define DEFAULT_GROUP "world"
| #define DEFAULT_FREQUENCY_TYPE "random"
| #define DEFAULT_FREQUENCY_VALUE 20
| #define DEFAULT_SAMPLE_SIZE 7
| #define DEFAULT_SAMPLE_TYPE "random"
| #define DEFAULT_NETWORK_FREQ 10
| #define FAKE_GEN_FREQ 100
| /* end confdefs.h.  */
| #include <ac_nonexistent.h>
configure:3815: checking for grep that handles long lines and -e
configure:3873: result: /bin/grep
configure:3878: checking for egrep
configure:3940: result: /bin/grep -E
configure:3945: checking for ANSI C header files
configure:3965: gcc -c -g -O2  conftest.c >&5
configure:3965: $? = 0
configure:4038: gcc -o conftest -g -O2   conftest.c  >&5
configure:4038: $? = 0
configure:4038: ./conftest
configure:4038: $? = 0
configure:4049: result: yes
configure:4059: checking for an ANSI C-conforming const
configure:4124: gcc -c -g -O2  conftest.c >&5
configure:4124: $? = 0
configure:4131: result: yes
configure:4144: checking for sys/types.h
configure:4144: gcc -c -g -O2  conftest.c >&5
configure:4144: $? = 0
configure:4144: result: yes
configure:4144: checking for sys/stat.h
configure:4144: gcc -c -g -O2  conftest.c >&5
configure:4144: $? = 0
configure:4144: result: yes
configure:4144: checking for stdlib.h
configure:4144: gcc -c -g -O2  conftest.c >&5
configure:4144: $? = 0
configure:4144: result: yes
configure:4144: checking for string.h
configure:4144: gcc -c -g -O2  conftest.c >&5
configure:4144: $? = 0
configure:4144: result: yes
configure:4144: checking for memory.h
configure:4144: gcc -c -g -O2  conftest.c >&5
configure:4144: $? = 0
configure:4144: result: yes
configure:4144: checking for strings.h
configure:4144: gcc -c -g -O2  conftest.c >&5
configure:4144: $? = 0
configure:4144: result: yes
configure:4144: checking for inttypes.h
configure:4144: gcc -c -g -O2  conftest.c >&5
configure:4144: $? = 0
configure:4144: result: yes
configure:4144: checking for stdint.h
configure:4144: gcc -c -g -O2  conftest.c >&5
configure:4144: $? = 0
configure:4144: result: yes
configure:4144: checking for unistd.h
configure:4144: gcc -c -g -O2  conftest.c >&5
configure:4144: $? = 0
configure:4144: result: yes
configure:4156: checking for size_t
configure:4156: gcc -c -g -O2  conftest.c >&5
configure:4156: $? = 0
configure:4156: gcc -c -g -O2  conftest.c >&5
conftest.c: In function 'main':
conftest.c:67:21: error: expected expression before ')' token
configure:4156: $? = 1
configure: failed program was:
| /* confdefs.h */
| #define PACKAGE_NAME "fakeshake"
| #define PACKAGE_TARNAME "fakeshake"
| #define PACKAGE_VERSION "0.0.2"
| #define PACKAGE_STRING "fakeshake 0.0.2"
| #define PACKAGE_BUGREPORT "jnbagale@gmail.com"
| #define PACKAGE_URL ""
| #define PACKAGE "fakeshake"
| #define VERSION "0.0.2"
| #define PROGNAME "fakeshake"
| #define DEFAULT_HOST "theclashingrocks.org"
| #define DEFAULT_PORT 4803
| #define DEFAULT_GROUP "world"
| #define DEFAULT_FREQUENCY_TYPE "random"
| #define DEFAULT_FREQUENCY_VALUE 20
| #define DEFAULT_SAMPLE_SIZE 7
| #define DEFAULT_SAMPLE_TYPE "random"
| #define DEFAULT_NETWORK_FREQ 10
| #define FAKE_GEN_FREQ 100
| #define STDC_HEADERS 1
| #define HAVE_SYS_TYPES_H 1
| #define HAVE_SYS_STAT_H 1
| #define HAVE_STDLIB_H 1
| #define HAVE_STRING_H 1
| #define HAVE_MEMORY_H 1
| #define HAVE_STRINGS_H 1
| #define HAVE_INTTYPES_H 1
| #define HAVE_STDINT_H 1
| #define HAVE_UNISTD_H 1
| /* end confdefs.h.  */
| #include <stdio.h>
| #ifdef HAVE_SYS_TYPES_H
| # include <sys/types.h>
| #endif
| #ifdef HAVE_SYS_STAT_H
| # include <sys/stat.h>
| #endif
| #ifdef STDC_HEADERS
| # include <stdlib.h>
| # include <stddef.h>
| #else
| # ifdef HAVE_STDLIB_H
| #  include <stdlib.h>
| # endif
| #endif
| #ifdef HAVE_STRING_H
| # if !defined STDC_HEADERS && defined HAVE_MEMORY_H
| #  include <memory.h>
| # endif
| # include <string.h>
| #endif
| #ifdef HAVE_STRINGS_H
| # include <strings.h>
| #endif
| #ifdef HAVE_INTTYPES_H
| # include <inttypes.h>
| #endif
| #ifdef HAVE_STDINT_H
| # include <stdint.h>
| #endif
| #ifdef HAVE_UNISTD_H
| # include <unistd.h>
| #endif
| int
| main ()
| {
| if (sizeof ((size_t)))
| 	    return 0;
|   ;
|   return 0;
| }
configure:4156: result: yes
configure:4171: checking for stdlib.h
configure:4171: result: yes
configure:4181: checking for GNU libc compatible malloc
configure:4205: gcc -o conftest -g -O2   conftest.c  >&5
configure:4205: $? = 0
configure:4205: ./conftest
configure:4205: $? = 0
configure:4215: result: yes
configure:4239: checking for SP_connect in -lspread
configure:4264: gcc -o conftest -g -O2   conftest.c -lspread   >&5
configure:4264: $? = 0
configure:4273: result: yes
configure:4288: checking sp.h usability
configure:4288: gcc -c -g -O2  conftest.c >&5
configure:4288: $? = 0
configure:4288: result: yes
configure:4288: checking sp.h presence
configure:4288: gcc -E  conftest.c
configure:4288: $? = 0
configure:4288: result: yes
configure:4288: checking for sp.h
configure:4288: result: yes
configure:4353: checking for pkg-config
configure:4371: found /usr/bin/pkg-config
configure:4383: result: /usr/bin/pkg-config
configure:4408: checking pkg-config is at least version 0.9.0
configure:4411: result: yes
configure:4421: checking for GLIB
configure:4428: $PKG_CONFIG --exists --print-errors "glib-2.0"
configure:4431: $? = 0
configure:4444: $PKG_CONFIG --exists --print-errors "glib-2.0"
configure:4447: $? = 0
configure:4504: result: yes
configure:4512: checking for GTHREAD
configure:4519: $PKG_CONFIG --exists --print-errors "gthread-2.0 "
configure:4522: $? = 0
configure:4535: $PKG_CONFIG --exists --print-errors "gthread-2.0 "
configure:4538: $? = 0
configure:4595: result: yes
configure:4603: checking for UUID
configure:4610: $PKG_CONFIG --exists --print-errors "uuid"
configure:4613: $? = 0
configure:4626: $PKG_CONFIG --exists --print-errors "uuid"
configure:4629: $? = 0
configure:4686: result: yes
configure:4694: checking for GSL
configure:4701: $PKG_CONFIG --exists --print-errors "gsl"
configure:4704: $? = 0
configure:4717: $PKG_CONFIG --exists --print-errors "gsl"
configure:4720: $? = 0
configure:4777: result: yes
configure:4904: creating ./config.status

## ---------------- ##
## Cache variables. ##
## ---------------- ##

ac_cv_c_compiler_gnu=yes
ac_cv_c_const=yes
ac_cv_env_CC_set=
ac_cv_env_CC_value=
ac_cv_env_CFLAGS_set=
ac_cv_env_CFLAGS_value=
ac_cv_env_CPPFLAGS_set=
ac_cv_env_CPPFLAGS_value=
ac_cv_env_CPP_set=
ac_cv_env_CPP_value=
ac_cv_env_GLIB_CFLAGS_set=
ac_cv_env_GLIB_CFLAGS_value=
ac_cv_env_GLIB_LIBS_set=
ac_cv_env_GLIB_LIBS_value=
ac_cv_env_GSL_CFLAGS_set=
ac_cv_env_GSL_CFLAGS_value=
ac_cv_env_GSL_LIBS_set=
ac_cv_env_GSL_LIBS_value=
ac_cv_env_GTHREAD_CFLAGS_set=
ac_cv_env_GTHREAD_CFLAGS_value=
ac_cv_env_GTHREAD_LIBS_set=
ac_cv_env_GTHREAD_LIBS_value=
ac_cv_env_LDFLAGS_set=
ac_cv_env_LDFLAGS_value=
ac_cv_env_LIBS_set=
ac_cv_env_LIBS_value=
ac_cv_env_PKG_CONFIG_LIBDIR_set=
ac_cv_env_PKG_CONFIG_LIBDIR_value=
ac_cv_env_PKG_CONFIG_PATH_set=
ac_cv_env_PKG_CONFIG_PATH_value=
ac_cv_env_PKG_CONFIG_set=
ac_cv_env_PKG_CONFIG_value=
ac_cv_env_UUID_CFLAGS_set=
ac_cv_env_UUID_CFLAGS_value=
ac_cv_env_UUID_LIBS_set=
ac_cv_env_UUID_LIBS_value=
ac_cv_env_build_alias_set=
ac_cv_env_build_alias_value=
ac_cv_env_host_alias_set=
ac_cv_env_host_alias_value=
ac_cv_env_target_alias_set=
ac_cv_env_target_alias_value=
ac_cv_func_malloc_0_nonnull=yes
ac_cv_header_inttypes_h=yes
ac_cv_header_memory_h=yes
ac_cv_header_sp_h=yes
ac_cv_header_stdc=yes
ac_cv_header_stdint_h=yes
ac_cv_header_stdlib_h=yes
ac_cv_header_string_h=yes
ac_cv_header_strings_h=yes
ac_cv_header_sys_stat_h=yes
ac_cv_header_sys_types_h=yes
ac_cv_header_unistd_h=yes
ac_cv_lib_spread_SP_connect=yes
ac_cv_objext=o
ac_cv_path_EGREP='/bin/grep -E'
ac_cv_path_GREP=/bin/grep
ac_cv_path_ac_pt_PKG_CONFIG=/usr/bin/pkg-config
ac_cv_path_install='/usr/bin/install -c'
ac_cv_path_mkdir=/bin/mkdir
ac_cv_prog_AWK=gawk
ac_cv_prog_CPP='gcc -E'
ac_cv_prog_ac_ct_CC=gcc
ac_cv_prog_cc_c89=
ac_cv_prog_cc_g=yes
ac_cv_prog_make_make_set=yes
ac_cv_type_size_t=yes
am_cv_CC_dependencies_compiler_type=gcc3
pkg_cv_GLIB_CFLAGS='-I/usr/include/glib-2.0 -I/usr/lib/i386-linux-gnu/glib-2.0/include  '
pkg_cv_GLIB_LIBS='-L/usr/lib/i386-linux-gnu -lglib-2.0  '
pkg_cv_GSL_CFLAGS=' '
pkg_cv_GSL_LIBS='-lgsl -lgslcblas -lm  '
pkg_cv_GTHREAD_CFLAGS='-pthread -I/usr/include/glib-2.0 -I/usr/lib/i386-linux-gnu/glib-2.0/include  '
pkg_cv_GTHREAD_LIBS='-pthread -L/usr/lib/i386-linux-gnu -lgthread-2.0 -lrt -lglib-2.0  '
pkg_cv_UUID_CFLAGS='-I/usr/include/uuid  '
pkg_cv_UUID_LIBS='-L/usr/lib/i386-linux-gnu -luuid  '

## ----------------- ##
## Output variables. ##
## ----------------- ##

ACLOCAL='${SHELL} /home/jivs/workspace/fakeshake/missing --run aclocal-1.11'
AMDEPBACKSLASH='\'
AMDEP_FALSE='#'
AMDEP_TRUE=''
AMTAR='${SHELL} /home/jivs/workspace/fakeshake/missing --run tar'
AUTOCONF='${SHELL} /home/jivs/workspace/fakeshake/missing --run autoconf'
AUTOHEADER='${SHELL} /home/jivs/workspace/fakeshake/missing --run autoheader'
AUTOMAKE='${SHELL} /home/jivs/workspace/fakeshake/missing --run automake-1.11'
AWK='gawk'
CC='gcc'
CCDEPMODE='depmode=gcc3'
CFLAGS='-g -O2'
CPP='gcc -E'
CPPFLAGS=''
CYGPATH_W='echo'
DEFS='-DHAVE_CONFIG_H'
DEPDIR='.deps'
ECHO_C=''
ECHO_N='-n'
ECHO_T=''
EGREP='/bin/grep -E'
EXEEXT=''
GLIB_CFLAGS='-I/usr/include/glib-2.0 -I/usr/lib/i386-linux-gnu/glib-2.0/include  '
GLIB_LIBS='-L/usr/lib/i386-linux-gnu -lglib-2.0  '
GREP='/bin/grep'
GSL_CFLAGS=' '
GSL_LIBS='-lgsl -lgslcblas -lm  '
GTHREAD_CFLAGS='-pthread -I/usr/include/glib-2.0 -I/usr/lib/i386-linux-gnu/glib-2.0/include  '
GTHREAD_LIBS='-pthread -L/usr/lib/i386-linux-gnu -lgthread-2.0 -lrt -lglib-2.0  '
INSTALL_DATA='${INSTALL} -m 644'
INSTALL_PROGRAM='${INSTALL}'
INSTALL_SCRIPT='${INSTALL}'
INSTALL_STRIP_PROGRAM='$(install_sh) -c -s'
LDFLAGS=''
LIBOBJS=''
LIBS='-lspread '
LTLIBOBJS=''
MAKEINFO='${SHELL} /home/jivs/workspace/fakeshake/missing --run makeinfo'
MKDIR_P='/bin/mkdir -p'
OBJEXT='o'
PACKAGE='fakeshake'
PACKAGE_BUGREPORT='jnbagale@gmail.com'
PACKAGE_NAME='fakeshake'
PACKAGE_STRING='fakeshake 0.0.2'
PACKAGE_TARNAME='fakeshake'
PACKAGE_URL=''
PACKAGE_VERSION='0.0.2'
PATH_SEPARATOR=':'
PKG_CONFIG='/usr/bin/pkg-config'
PKG_CONFIG_LIBDIR=''
PKG_CONFIG_PATH=''
SET_MAKE=''
SHELL='/bin/bash'
STRIP=''
UUID_CFLAGS='-I/usr/include/uuid  '
UUID_LIBS='-L/usr/lib/i386-linux-gnu -luuid  '
VERSION='0.0.2'
ac_ct_CC='gcc'
am__EXEEXT_FALSE=''
am__EXEEXT_TRUE='#'
am__fastdepCC_FALSE='#'
am__fastdepCC_TRUE=''
am__include='include'
am__isrc=''
am__leading_dot='.'
am__quote=''
am__tar='${AMTAR} chof - "$$tardir"'
am__untar='${AMTAR} xf -'
bindir='${exec_prefix}/bin'
build_alias=''
datadir='${datarootdir}'
datarootdir='${prefix}/share'
docdir='${datarootdir}/doc/${PACKAGE_TARNAME}'
dvidir='${docdir}'
exec_prefix='${prefix}'
host_alias=''
htmldir='${docdir}'
includedir='${prefix}/include'
infodir='${datarootdir}/info'
install_sh='${SHELL} /home/jivs/workspace/fakeshake/install-sh'
libdir='${exec_prefix}/lib'
libexecdir='${exec_prefix}/libexec'
localedir='${datarootdir}/locale'
localstatedir='${prefix}/var'
mandir='${datarootdir}/man'
mkdir_p='/bin/mkdir -p'
oldincludedir='/usr/include'
pdfdir='${docdir}'
prefix='/usr/local'
program_transform_name='s,x,x,'
psdir='${docdir}'
sbindir='${exec_prefix}/sbin'
sharedstatedir='${prefix}/com'
sysconfdir='${prefix}/etc'
target_alias=''

## ----------- ##
## confdefs.h. ##
## ----------- ##

/* confdefs.h */
#define PACKAGE_NAME "fakeshake"
#define PACKAGE_TARNAME "fakeshake"
#define PACKAGE_VERSION "0.0.2"
#define PACKAGE_STRING "fakeshake 0.0.2"
#define PACKAGE_BUGREPORT "jnbagale@gmail.com"
#define PACKAGE_URL ""
#define PACKAGE "fakeshake"
#define VERSION "0.0.2"
#define PROGNAME "fakeshake"
#define DEFAULT_HOST "theclashingrocks.org"
#define DEFAULT_PORT 4803
#define DEFAULT_GROUP "world"
#define DEFAULT_FREQUENCY_TYPE "random"
#define DEFAULT_FREQUENCY_VALUE 20
#define DEFAULT_SAMPLE_SIZE 7
#define DEFAULT_SAMPLE_TYPE "random"
#define DEFAULT_NETWORK_FREQ 10
#define FAKE_GEN_FREQ 100
#define STDC_HEADERS 1
#define HAVE_SYS_TYPES_H 1
#define HAVE_SYS_STAT_H 1
#define HAVE_STDLIB_H 1
#define HAVE_STRING_H 1
#define HAVE_MEMORY_H 1
#define HAVE_STRINGS_H 1
#define HAVE_INTTYPES_H 1
#define HAVE_STDINT_H 1
#define HAVE_UNISTD_H 1
#define HAVE_STDLIB_H 1
#define HAVE_MALLOC 1
#define HAVE_LIBSPREAD 1
#define HAVE_SP_H 1

configure: exit 0

## ---------------------- ##
## Running config.status. ##
## ---------------------- ##

This file was extended by fakeshake config.status 0.0.2, which was
generated by GNU Autoconf 2.67.  Invocation command line was

  CONFIG_FILES    = 
  CONFIG_HEADERS  = 
  CONFIG_LINKS    = 
  CONFIG_COMMANDS = 
  $ ./config.status 

on Dell-E6510

config.status:882: creating Makefile
config.status:882: creating src/Makefile
config.status:882: creating src/config.h
config.status:1062: src/config.h is unchanged
config.status:1110: executing depfiles commands

## ---------------------- ##
## Running config.status. ##
## ---------------------- ##

This file was extended by fakeshake config.status 0.0.2, which was
generated by GNU Autoconf 2.67.  Invocation command line was

  CONFIG_FILES    = 
  CONFIG_HEADERS  = 
  CONFIG_LINKS    = 
  CONFIG_COMMANDS = 
  $ ./config.status src/config.h

on Dell-E6510

config.status:882: creating src/config.h
config.status:1062: src/config.h is unchanged

## ---------------------- ##
## Running config.status. ##
## ---------------------- ##

This file was extended by fakeshake config.status 0.0.2, which was
generated by GNU Autoconf 2.67.  Invocation command line was

  CONFIG_FILES    = 
  CONFIG_HEADERS  = 
  CONFIG_LINKS    = 
  CONFIG_COMMANDS = 
  $ ./config.status src/Makefile depfiles

on Dell-E6510

config.status:882: creating src/Makefile
config.status:1110: executing depfiles commands
